0 info it worked if it ends with ok
1 verbose cli [ 'C:\\Program Files\\nodejs\\node.exe',
1 verbose cli   'C:\\Program Files\\nodejs\\node_modules\\npm\\bin\\npm-cli.js',
1 verbose cli   'run',
1 verbose cli   'start' ]
2 info using npm@4.1.2
3 info using node@v7.7.0
4 verbose run-script [ 'prestart', 'start', 'poststart' ]
5 info lifecycle maizuo-project@1.0.0~prestart: maizuo-project@1.0.0
6 silly lifecycle maizuo-project@1.0.0~prestart: no script for prestart, continuing
7 info lifecycle maizuo-project@1.0.0~start: maizuo-project@1.0.0
8 verbose lifecycle maizuo-project@1.0.0~start: unsafe-perm in lifecycle true
9 verbose lifecycle maizuo-project@1.0.0~start: PATH: C:\Program Files\nodejs\node_modules\npm\bin\node-gyp-bin;E:\react\maizuo-project\node_modules\.bin;C:\ProgramData\Oracle\Java\javapath;D:\apache-maven-3.2.5\bin;D:\apache-maven-3.2.5\bin%;M2_HOME%\bin;D:\Ruby22\bin;D:\Program Files (x86)\Java\jdk1.6.0_13\bin;C:\Windows\system32;C:\Windows;C:\Windows\System32\Wbem;C:\Windows\System32\WindowsPowerShell\v1.0\;C:\Program Files\TortoiseSVN\bin;D:\SlikSvn\bin;C:\Program Files\nodejs\;C:\Users\lg\AppData\Local\Programs\Fiddler;C:\Users\lg\AppData\Roaming\npm
10 verbose lifecycle maizuo-project@1.0.0~start: CWD: E:\react\maizuo-project
11 silly lifecycle maizuo-project@1.0.0~start: Args: [ '/d /s /c',
11 silly lifecycle   'pm2 start server/index.js -- watch && webpack-dev-server --open --hot' ]
12 silly lifecycle maizuo-project@1.0.0~start: Returned: code: 1  signal: null
13 info lifecycle maizuo-project@1.0.0~start: Failed to exec start script
14 verbose stack Error: maizuo-project@1.0.0 start: `pm2 start server/index.js -- watch && webpack-dev-server --open --hot`
14 verbose stack Exit status 1
14 verbose stack     at EventEmitter.<anonymous> (C:\Program Files\nodejs\node_modules\npm\lib\utils\lifecycle.js:279:16)
14 verbose stack     at emitTwo (events.js:106:13)
14 verbose stack     at EventEmitter.emit (events.js:194:7)
14 verbose stack     at ChildProcess.<anonymous> (C:\Program Files\nodejs\node_modules\npm\lib\utils\spawn.js:40:14)
14 verbose stack     at emitTwo (events.js:106:13)
14 verbose stack     at ChildProcess.emit (events.js:194:7)
14 verbose stack     at maybeClose (internal/child_process.js:899:16)
14 verbose stack     at Process.ChildProcess._handle.onexit (internal/child_process.js:226:5)
15 verbose pkgid maizuo-project@1.0.0
16 verbose cwd E:\react\maizuo-project
17 error Windows_NT 6.1.7601
18 error argv "C:\\Program Files\\nodejs\\node.exe" "C:\\Program Files\\nodejs\\node_modules\\npm\\bin\\npm-cli.js" "run" "start"
19 error node v7.7.0
20 error npm  v4.1.2
21 error code ELIFECYCLE
22 error maizuo-project@1.0.0 start: `pm2 start server/index.js -- watch && webpack-dev-server --open --hot`
22 error Exit status 1
23 error Failed at the maizuo-project@1.0.0 start script 'pm2 start server/index.js -- watch && webpack-dev-server --open --hot'.
23 error Make sure you have the latest version of node.js and npm installed.
23 error If you do, this is most likely a problem with the maizuo-project package,
23 error not with npm itself.
23 error Tell the author that this fails on your system:
23 error     pm2 start server/index.js -- watch && webpack-dev-server --open --hot
23 error You can get information on how to open an issue for this project with:
23 error     npm bugs maizuo-project
23 error Or if that isn't available, you can get their info via:
23 error     npm owner ls maizuo-project
23 error There is likely additional logging output above.
24 verbose exit [ 1, true ]
